  [1m[35m (0.1ms)[0m  [1m[34mSELECT sqlite_version(*)[0m
  ↳ /usr/local/bin/rake:22
  [1m[35m (1.7ms)[0m  [1m[35mCREATE TABLE "schema_migrations" ("version" varchar NOT NULL PRIMARY KEY)[0m
  ↳ /usr/local/bin/rake:22
  [1m[35m (2.1ms)[0m  [1m[35mCREATE TABLE "ar_internal_metadata" ("key" varchar NOT NULL PRIMARY KEY, "value" varchar, "created_at" datetime NOT NULL, "updated_at" datetime NOT NULL)[0m
  ↳ /usr/local/bin/rake:22
  [1m[35m (0.2ms)[0m  [1m[34mSELECT "schema_migrations"."version" FROM "schema_migrations" ORDER BY "schema_migrations"."version" ASC[0m
  ↳ /usr/local/bin/rake:22
Migrating to CreateTasks (20180913000217)
  [1m[35m (0.1ms)[0m  [1m[36mbegin transaction[0m
  ↳ /usr/local/bin/rake:22
  [1m[35m (1.1ms)[0m  [1m[35mCREATE TABLE "tasks" ("id" integer PRIMARY KEY AUTOINCREMENT NOT NULL, "name" varchar, "created_at" datetime NOT NULL, "updated_at" datetime NOT NULL)[0m
  ↳ db/migrate/20180913000217_create_tasks.rb:3
  [1m[36mActiveRecord::SchemaMigration Create (0.4ms)[0m  [1m[32mINSERT INTO "schema_migrations" ("version") VALUES (?)[0m  [["version", "20180913000217"]]
  ↳ /usr/local/bin/rake:22
  [1m[35m (1.1ms)[0m  [1m[36mcommit transaction[0m
  ↳ /usr/local/bin/rake:22
Migrating to Task (20180913003947)
  [1m[35m (0.1ms)[0m  [1m[36mbegin transaction[0m
  ↳ /usr/local/bin/rake:22
  [1m[36mActiveRecord::SchemaMigration Create (0.7ms)[0m  [1m[32mINSERT INTO "schema_migrations" ("version") VALUES (?)[0m  [["version", "20180913003947"]]
  ↳ /usr/local/bin/rake:22
  [1m[35m (0.9ms)[0m  [1m[36mcommit transaction[0m
  ↳ /usr/local/bin/rake:22
  [1m[36mActiveRecord::InternalMetadata Load (0.3ms)[0m  [1m[34mSELECT  "ar_internal_metadata".* FROM "ar_internal_metadata" WHERE "ar_internal_metadata"."key" = ? LIMIT ?[0m  [["key", "environment"], ["LIMIT", 1]]
  ↳ /usr/local/bin/rake:22
  [1m[35m (0.1ms)[0m  [1m[36mbegin transaction[0m
  ↳ /usr/local/bin/rake:22
  [1m[36mActiveRecord::InternalMetadata Create (0.7ms)[0m  [1m[32mINSERT INTO "ar_internal_metadata" ("key", "value", "created_at", "updated_at") VALUES (?, ?, ?, ?)[0m  [["key", "environment"], ["value", "development"], ["created_at", "2018-09-13 00:54:45.313741"], ["updated_at", "2018-09-13 00:54:45.313741"]]
  ↳ /usr/local/bin/rake:22
  [1m[35m (1.0ms)[0m  [1m[36mcommit transaction[0m
  ↳ /usr/local/bin/rake:22
  [1m[35m (0.2ms)[0m  [1m[34mSELECT "schema_migrations"."version" FROM "schema_migrations" ORDER BY "schema_migrations"."version" ASC[0m
  ↳ /usr/local/bin/rake:22
  [1m[35m (0.2ms)[0m  [1m[34mSELECT "schema_migrations"."version" FROM "schema_migrations" ORDER BY "schema_migrations"."version" ASC[0m
  ↳ /usr/local/bin/rake:22
  [1m[36mActiveRecord::InternalMetadata Load (0.3ms)[0m  [1m[34mSELECT  "ar_internal_metadata".* FROM "ar_internal_metadata" WHERE "ar_internal_metadata"."key" = ? LIMIT ?[0m  [["key", "environment"], ["LIMIT", 1]]
  ↳ /usr/local/bin/rake:22
  [1m[35m (0.1ms)[0m  [1m[36mbegin transaction[0m
  ↳ /usr/local/bin/rake:22
  [1m[35m (0.0ms)[0m  [1m[36mcommit transaction[0m
  ↳ /usr/local/bin/rake:22
  [1m[35m (0.1ms)[0m  [1m[34mSELECT "schema_migrations"."version" FROM "schema_migrations" ORDER BY "schema_migrations"."version" ASC[0m
  ↳ /usr/local/bin/rake:22
  [1m[35m (0.4ms)[0m  [1m[34mSELECT "schema_migrations"."version" FROM "schema_migrations" ORDER BY "schema_migrations"."version" ASC[0m
  ↳ /usr/local/bin/rake:22
  [1m[35m (0.5ms)[0m  [1m[34mSELECT "schema_migrations"."version" FROM "schema_migrations" ORDER BY "schema_migrations"."version" ASC[0m
  ↳ /usr/local/bin/rake:22
  [1m[35m (0.1ms)[0m  [1m[34mSELECT "schema_migrations"."version" FROM "schema_migrations" ORDER BY "schema_migrations"."version" ASC[0m
  ↳ /usr/local/bin/rake:22
  [1m[35m (0.1ms)[0m  [1m[34mSELECT "schema_migrations"."version" FROM "schema_migrations" ORDER BY "schema_migrations"."version" ASC[0m
  ↳ /usr/local/bin/rake:22
  [1m[35m (0.1ms)[0m  [1m[34mSELECT "schema_migrations"."version" FROM "schema_migrations" ORDER BY "schema_migrations"."version" ASC[0m
  ↳ /usr/local/bin/rake:22
Migrating to Task (20180913003947)
  [1m[35m (0.1ms)[0m  [1m[36mbegin transaction[0m
  ↳ /usr/local/bin/rake:22
  [1m[35m (0.2ms)[0m  [1m[34mSELECT sqlite_version(*)[0m
  ↳ /usr/local/bin/rake:22
  [1m[35m (0.4ms)[0m  [1m[35mCREATE TEMPORARY TABLE "atasks" ("id" integer NOT NULL PRIMARY KEY, "name" varchar DEFAULT NULL, "created_at" datetime NOT NULL, "updated_at" datetime NOT NULL)[0m
  ↳ /usr/local/bin/rake:22
  [1m[35m (0.4ms)[0m  [1m[32mINSERT INTO "atasks" ("id","name","created_at","updated_at")
                     SELECT "id","name","created_at","updated_at" FROM "tasks"[0m
  ↳ /usr/local/bin/rake:22
  [1m[35m (0.9ms)[0m  [1m[35mDROP TABLE "tasks"[0m
  ↳ /usr/local/bin/rake:22
  [1m[35m (0.2ms)[0m  [1m[35mCREATE TABLE "tasks" ("id" integer NOT NULL PRIMARY KEY, "name" varchar DEFAULT NULL, "created_at" datetime NOT NULL, "updated_at" datetime NOT NULL)[0m
  ↳ /usr/local/bin/rake:22
  [1m[35m (0.1ms)[0m  [1m[32mINSERT INTO "tasks" ("id","name","created_at","updated_at")
                     SELECT "id","name","created_at","updated_at" FROM "atasks"[0m
  ↳ /usr/local/bin/rake:22
  [1m[35m (0.2ms)[0m  [1m[35mDROP TABLE "atasks"[0m
  ↳ /usr/local/bin/rake:22
  [1m[35m (0.2ms)[0m  [1m[35mCREATE TEMPORARY TABLE "atasks" ("id" integer NOT NULL PRIMARY KEY, "name" varchar DEFAULT NULL, "created_at" datetime NOT NULL, "updated_at" datetime NOT NULL)[0m
  ↳ /usr/local/bin/rake:22
  [1m[35m (0.1ms)[0m  [1m[32mINSERT INTO "atasks" ("id","name","created_at","updated_at")
                     SELECT "id","name","created_at","updated_at" FROM "tasks"[0m
  ↳ /usr/local/bin/rake:22
  [1m[35m (0.2ms)[0m  [1m[35mDROP TABLE "tasks"[0m
  ↳ /usr/local/bin/rake:22
  [1m[35m (0.3ms)[0m  [1m[35mCREATE TABLE "tasks" ("id" integer NOT NULL PRIMARY KEY, "name" varchar DEFAULT NULL, "created_at" datetime NOT NULL, "updated_at" datetime NOT NULL)[0m
  ↳ /usr/local/bin/rake:22
  [1m[35m (0.3ms)[0m  [1m[32mINSERT INTO "tasks" ("id","name","created_at","updated_at")
                     SELECT "id","name","created_at","updated_at" FROM "atasks"[0m
  ↳ /usr/local/bin/rake:22
  [1m[35m (0.2ms)[0m  [1m[35mDROP TABLE "atasks"[0m
  ↳ /usr/local/bin/rake:22
  [1m[35m (0.2ms)[0m  [1m[35mCREATE TEMPORARY TABLE "atasks" ("id" integer NOT NULL PRIMARY KEY, "name" varchar DEFAULT NULL, "created_at" datetime NOT NULL, "updated_at" datetime NOT NULL)[0m
  ↳ /usr/local/bin/rake:22
  [1m[35m (0.1ms)[0m  [1m[32mINSERT INTO "atasks" ("id","name","created_at","updated_at")
                     SELECT "id","name","created_at","updated_at" FROM "tasks"[0m
  ↳ /usr/local/bin/rake:22
  [1m[35m (0.2ms)[0m  [1m[35mDROP TABLE "tasks"[0m
  ↳ /usr/local/bin/rake:22
  [1m[35m (0.2ms)[0m  [1m[35mCREATE TABLE "tasks" ("id" integer NOT NULL PRIMARY KEY, "name" varchar DEFAULT NULL, "created_at" datetime NOT NULL, "updated_at" datetime NOT NULL)[0m
  ↳ /usr/local/bin/rake:22
  [1m[35m (0.1ms)[0m  [1m[32mINSERT INTO "tasks" ("id","name","created_at","updated_at")
                     SELECT "id","name","created_at","updated_at" FROM "atasks"[0m
  ↳ /usr/local/bin/rake:22
  [1m[35m (0.2ms)[0m  [1m[35mDROP TABLE "atasks"[0m
  ↳ /usr/local/bin/rake:22
  [1m[35m (0.2ms)[0m  [1m[35mCREATE TEMPORARY TABLE "atasks" ("id" integer NOT NULL PRIMARY KEY, "name" varchar DEFAULT NULL, "created_at" datetime NOT NULL, "updated_at" datetime NOT NULL)[0m
  ↳ /usr/local/bin/rake:22
  [1m[35m (0.1ms)[0m  [1m[32mINSERT INTO "atasks" ("id","name","created_at","updated_at")
                     SELECT "id","name","created_at","updated_at" FROM "tasks"[0m
  ↳ /usr/local/bin/rake:22
  [1m[35m (0.2ms)[0m  [1m[35mDROP TABLE "tasks"[0m
  ↳ /usr/local/bin/rake:22
  [1m[35m (0.2ms)[0m  [1m[35mCREATE TABLE "tasks" ("id" integer NOT NULL PRIMARY KEY, "name" varchar DEFAULT NULL, "created_at" datetime NOT NULL, "updated_at" datetime NOT NULL)[0m
  ↳ /usr/local/bin/rake:22
  [1m[35m (0.1ms)[0m  [1m[32mINSERT INTO "tasks" ("id","name","created_at","updated_at")
                     SELECT "id","name","created_at","updated_at" FROM "atasks"[0m
  ↳ /usr/local/bin/rake:22
  [1m[35m (0.2ms)[0m  [1m[35mDROP TABLE "atasks"[0m
  ↳ /usr/local/bin/rake:22
  [1m[36mActiveRecord::SchemaMigration Destroy (0.6ms)[0m  [1m[31mDELETE FROM "schema_migrations" WHERE "schema_migrations"."version" = ?[0m  [["version", "20180913003947"]]
  ↳ /usr/local/bin/rake:22
  [1m[35m (0.9ms)[0m  [1m[36mcommit transaction[0m
  ↳ /usr/local/bin/rake:22
  [1m[35m (0.2ms)[0m  [1m[34mSELECT "schema_migrations"."version" FROM "schema_migrations" ORDER BY "schema_migrations"."version" ASC[0m
  ↳ /usr/local/bin/rake:22
  [1m[35m (0.4ms)[0m  [1m[34mSELECT "schema_migrations"."version" FROM "schema_migrations" ORDER BY "schema_migrations"."version" ASC[0m
  ↳ /usr/local/bin/rake:22
  [1m[35m (0.3ms)[0m  [1m[34mSELECT "schema_migrations"."version" FROM "schema_migrations" ORDER BY "schema_migrations"."version" ASC[0m
  ↳ /usr/local/bin/rake:22
Migrating to Task (20180913003947)
  [1m[35m (0.1ms)[0m  [1m[36mbegin transaction[0m
  ↳ /usr/local/bin/rake:22
  [1m[35m (0.8ms)[0m  [1m[35mALTER TABLE "tasks" ADD "dateStart" datetime[0m
  ↳ db/migrate/20180913003947_task.rb:3
  [1m[35m (0.2ms)[0m  [1m[35mALTER TABLE "tasks" ADD "dateStop" datetime[0m
  ↳ db/migrate/20180913003947_task.rb:4
  [1m[35m (0.3ms)[0m  [1m[35mALTER TABLE "tasks" ADD "resposable" varchar[0m
  ↳ db/migrate/20180913003947_task.rb:5
  [1m[35m (0.3ms)[0m  [1m[35mALTER TABLE "tasks" ADD "estado" varchar[0m
  ↳ db/migrate/20180913003947_task.rb:6
  [1m[36mActiveRecord::SchemaMigration Create (0.4ms)[0m  [1m[32mINSERT INTO "schema_migrations" ("version") VALUES (?)[0m  [["version", "20180913003947"]]
  ↳ /usr/local/bin/rake:22
  [1m[35m (1.0ms)[0m  [1m[36mcommit transaction[0m
  ↳ /usr/local/bin/rake:22
  [1m[36mActiveRecord::InternalMetadata Load (0.8ms)[0m  [1m[34mSELECT  "ar_internal_metadata".* FROM "ar_internal_metadata" WHERE "ar_internal_metadata"."key" = ? LIMIT ?[0m  [["key", "environment"], ["LIMIT", 1]]
  ↳ /usr/local/bin/rake:22
  [1m[35m (0.1ms)[0m  [1m[36mbegin transaction[0m
  ↳ /usr/local/bin/rake:22
  [1m[35m (0.1ms)[0m  [1m[36mcommit transaction[0m
  ↳ /usr/local/bin/rake:22
  [1m[35m (0.2ms)[0m  [1m[34mSELECT "schema_migrations"."version" FROM "schema_migrations" ORDER BY "schema_migrations"."version" ASC[0m
  ↳ /usr/local/bin/rake:22
  [1m[35m (0.4ms)[0m  [1m[34mSELECT COUNT(*) FROM "tasks"[0m
